
 *------------------------------------------------------------------------------------* 
 |                                                                                    | 
 |  *------------------------------------------------------------------------------*  | 
 |  |                                                                              |  | 
 |  |                                                                              |  | 
 |  |   PPP   Y   Y  TTTTT  H   H  III    A      Welcome to the Lund Monte Carlo!  |  | 
 |  |   P  P   Y Y     T    H   H   I    A A     This is PYTHIA version 8.309      |  | 
 |  |   PPP     Y      T    HHHHH   I   AAAAA    Last date of change: 16 Feb 2023  |  | 
 |  |   P       Y      T    H   H   I   A   A                                      |  | 
 |  |   P       Y      T    H   H  III  A   A    Now is 16 Aug 2023 at 12:27:52    |  | 
 |  |                                                                              |  | 
 |  |   Program documentation and an archive of historic versions is found on:     |  | 
 |  |                                                                              |  | 
 |  |                               https://pythia.org/                            |  | 
 |  |                                                                              |  | 
 |  |   PYTHIA is authored by a collaboration consisting of:                       |  | 
 |  |                                                                              |  | 
 |  |   Christian Bierlich, Nishita Desai, Leif Gellersen, Ilkka Helenius, Philip  |  | 
 |  |   Ilten, Leif Lonnblad, Stephen Mrenna, Stefan Prestel, Christian Preuss,    |  | 
 |  |   Torbjorn Sjostrand, Peter Skands, Marius Utheim and Rob Verheyen.          |  | 
 |  |                                                                              |  | 
 |  |   The complete list of authors, including contact information and            |  | 
 |  |   affiliations, can be found on https://pythia.org/.                         |  | 
 |  |   Problems or bugs should be reported on email at authors@pythia.org.        |  | 
 |  |                                                                              |  | 
 |  |   The main program reference is C. Bierlich et al,                           |  | 
 |  |   'A comprehensive guide to the physics and usage of Pythia 8.3',            |  | 
 |  |   SciPost Phys. Codebases 8-r8.3 (2022) [arXiv:2203.11601 [hep-ph]]          |  | 
 |  |                                                                              |  | 
 |  |   PYTHIA is released under the GNU General Public Licence version 2 or later.|  | 
 |  |   Please respect the MCnet Guidelines for Event Generator Authors and Users. |  | 
 |  |                                                                              |  | 
 |  |   Disclaimer: this program comes without any guarantees.                     |  | 
 |  |   Beware of errors and use common sense when interpreting results.           |  | 
 |  |                                                                              |  | 
 |  |   Copyright (C) 2023 Torbjorn Sjostrand                                      |  | 
 |  |                                                                              |  | 
 |  |                                                                              |  | 
 |  *------------------------------------------------------------------------------*  | 
 |                                                                                    | 
 *------------------------------------------------------------------------------------* 


 *-------  PYTHIA Process Initialization  --------------------------*
 |                                                                  |
 | We collide p+ with p+ at a CM energy of 6.240e+01 GeV            |
 |                                                                  |
 |------------------------------------------------------------------|
 |                                                    |             |
 | Subprocess                                    Code |   Estimated |
 |                                                    |    max (mb) |
 |                                                    |             |
 |------------------------------------------------------------------|
 |                                                    |             |
 | non-diffractive                                101 |   2.516e+01 |
 | A B -> A B elastic                             102 |   7.462e+00 |
 | A B -> X B single diffractive                  103 |   4.011e+00 |
 | A B -> A X single diffractive                  104 |   4.011e+00 |
 | A B -> X X double diffractive                  105 |   2.974e+00 |
 | A B -> A X B central diffractive               106 |   0.000e+00 |
 |                                                                  |
 *-------  End PYTHIA Process Initialization -----------------------*

 *-------  PYTHIA Multiparton Interactions Initialization  ---------* 
 |                                                                  | 
 |                   sigmaNonDiffractive =    25.16 mb              | 
 |                                                                  | 
 |    pT0 =  0.83 gives sigmaInteraction =    87.44 mb: accepted    | 
 |                                                                  | 
 *-------  End PYTHIA Multiparton Interactions Initialization  -----* 

 *-------  PYTHIA Multiparton Interactions Initialization  ---------* 
 |                                                                  | 
 |   diffraction XB for p+ on p+                                    | 
 |                                                                  | 
 |   diffractive mass = 1.00e+01 GeV and sigmaNorm =    10.00 mb    | 
 |    pT0 =  0.56 gives sigmaInteraction =    24.91 mb: accepted    | 
 |   diffractive mass = 1.58e+01 GeV and sigmaNorm =    10.00 mb    | 
 |    pT0 =  0.62 gives sigmaInteraction =    24.13 mb: accepted    | 
 |   diffractive mass = 2.50e+01 GeV and sigmaNorm =    10.00 mb    | 
 |    pT0 =  0.68 gives sigmaInteraction =    22.31 mb: accepted    | 
 |   diffractive mass = 3.95e+01 GeV and sigmaNorm =    10.00 mb    | 
 |    pT0 =  0.75 gives sigmaInteraction =    20.21 mb: accepted    | 
 |   diffractive mass = 6.24e+01 GeV and sigmaNorm =    10.00 mb    | 
 |    pT0 =  0.83 gives sigmaInteraction =    18.45 mb: accepted    | 
 |                                                                  | 
 *-------  End PYTHIA Multiparton Interactions Initialization  -----* 
 PYTHIA Warning in MultipartonInteractions::init: maximum increased by factor 4.161

 *-------  PYTHIA Multiparton Interactions Initialization  ---------* 
 |                                                                  | 
 |   diffraction AX for p+ on p+                                    | 
 |                                                                  | 
 |   diffractive mass = 1.00e+01 GeV and sigmaNorm =    10.00 mb    | 
 |    pT0 =  0.56 gives sigmaInteraction =    24.84 mb: accepted    | 
 |   diffractive mass = 1.58e+01 GeV and sigmaNorm =    10.00 mb    | 
 |    pT0 =  0.62 gives sigmaInteraction =    24.09 mb: accepted    | 
 |   diffractive mass = 2.50e+01 GeV and sigmaNorm =    10.00 mb    | 
 |    pT0 =  0.68 gives sigmaInteraction =    22.38 mb: accepted    | 
 |   diffractive mass = 3.95e+01 GeV and sigmaNorm =    10.00 mb    | 
 |    pT0 =  0.75 gives sigmaInteraction =    20.25 mb: accepted    | 
 |   diffractive mass = 6.24e+01 GeV and sigmaNorm =    10.00 mb    | 
 |    pT0 =  0.83 gives sigmaInteraction =    18.41 mb: accepted    | 
 |                                                                  | 
 *-------  End PYTHIA Multiparton Interactions Initialization  -----* 

 *-------  PYTHIA Multiparton Interactions Initialization  ---------* 
 |                                                                  | 
 |   diffraction AXB for p+ on p+                                   | 
 |                                                                  | 
 |   diffractive mass = 1.00e+01 GeV and sigmaNorm =    10.00 mb    | 
 |    pT0 =  0.56 gives sigmaInteraction =     5.87 mb: rejected    | 
 |    pT0 =  0.50 gives sigmaInteraction =     8.70 mb: rejected    | 
 |    pT0 =  0.45 gives sigmaInteraction =    13.07 mb: accepted    | 
 |   diffractive mass = 1.58e+01 GeV and sigmaNorm =    10.00 mb    | 
 |    pT0 =  0.62 gives sigmaInteraction =     4.76 mb: rejected    | 
 |    pT0 =  0.55 gives sigmaInteraction =     7.03 mb: rejected    | 
 |    pT0 =  0.50 gives sigmaInteraction =    10.28 mb: rejected    | 
 |    pT0 =  0.45 gives sigmaInteraction =    15.22 mb: accepted    | 
 |   diffractive mass = 2.50e+01 GeV and sigmaNorm =    10.00 mb    | 
 |    pT0 =  0.68 gives sigmaInteraction =     3.90 mb: rejected    | 
 |    pT0 =  0.61 gives sigmaInteraction =     5.58 mb: rejected    | 
 |    pT0 =  0.55 gives sigmaInteraction =     8.08 mb: rejected    | 
 |    pT0 =  0.49 gives sigmaInteraction =    11.62 mb: accepted    | 
 |   diffractive mass = 3.95e+01 GeV and sigmaNorm =    10.00 mb    | 
 |    pT0 =  0.75 gives sigmaInteraction =     3.21 mb: rejected    | 
 |    pT0 =  0.67 gives sigmaInteraction =     4.48 mb: rejected    | 
 |    pT0 =  0.61 gives sigmaInteraction =     6.25 mb: rejected    | 
 |    pT0 =  0.55 gives sigmaInteraction =     8.81 mb: rejected    | 
 |    pT0 =  0.49 gives sigmaInteraction =    12.83 mb: accepted    | 
 |   diffractive mass = 6.24e+01 GeV and sigmaNorm =    10.00 mb    | 
 |    pT0 =  0.83 gives sigmaInteraction =     2.76 mb: rejected    | 
 |    pT0 =  0.74 gives sigmaInteraction =     3.71 mb: rejected    | 
 |    pT0 =  0.67 gives sigmaInteraction =     5.08 mb: rejected    | 
 |    pT0 =  0.60 gives sigmaInteraction =     6.98 mb: rejected    | 
 |    pT0 =  0.54 gives sigmaInteraction =     9.76 mb: rejected    | 
 |    pT0 =  0.49 gives sigmaInteraction =    13.73 mb: accepted    | 
 |                                                                  | 
 *-------  End PYTHIA Multiparton Interactions Initialization  -----* 

 *-------  PYTHIA Flag + Mode + Parm + Word + FVec + MVec + PVec + WVec Settings (changes only)  ------------------* 
 |                                                                                                                 | 
 | Name                                          |                      Now |      Default         Min         Max | 
 |                                               |                          |                                      | 
 | Beams:eCM                                     |                 62.40000 |    14000.000         0.0             | 
 | Main:analyses                                 |      PHENIX_2011_I886590 |                                      | 
 | Main:numberOfEvents                           |                    10000 |         1000           0             | 
 | Main:outputLog                                |                       on |          off                         | 
 | Main:runRivet                                 |                       on |          off                         | 
 | Main:writeHepMC                               |                       on |          off                         | 
 | ParticleDecays:limitTau0                      |                       on |          off                         | 
 | PartonLevel:MPI                               |                      off |           on                         | 
 | Random:seed                                   |                   766903 |           -1               900000000 | 
 | Random:setSeed                                |                       on |          off                         | 
 | SigmaTotal:mode                               |                        2 |            1           0           4 | 
 | SoftQCD:all                                   |                       on |          off                         | 
 | Stat:showPartonLevel                          |                       on |          off                         | 
 |                                                                                                                 | 
 *-------  End PYTHIA Flag + Mode + Parm + Word + FVec + MVec + PVec + WVec Settings  -----------------------------* 

 --------  PYTHIA Particle Data Table (changed only)  ------------------------------------------------------------------------------
 
      id   name            antiName         spn chg col      m0        mWidth      mMin       mMax       tau0    res dec ext vis wid
             no onMode   bRatio   meMode     products 

 no particle data has been changed from its default value 

 --------  End PYTHIA Particle Data Table  -----------------------------------------------------------------------------------------


 --------  PYTHIA Info Listing  ---------------------------------------- 
 
 Beam A: id =   2212, pz =  3.119e+01, e =  3.120e+01, m =  9.383e-01.
 Beam B: id =   2212, pz = -3.119e+01, e =  3.120e+01, m =  9.383e-01.

 In 1: id =   21, x =  5.248e-02, pdf =  1.336e+00 at Q2 =  4.908e-01.
 In 2: id =   21, x =  2.517e-02, pdf =  1.524e+00 at same Q2.

 Process non-diffractive with code 101 is 2 -> 2.
 Subprocess g g -> g g with code 111 is 2 -> 2.
 It has sHat =  5.143e+00,    tHat = -4.593e+00,    uHat = -5.495e-01,
       pTHat =  7.006e-01,   m3Hat =  0.000e+00,   m4Hat =  0.000e+00,
    thetaHat =  2.476e+00,  phiHat =  3.267e+00.
     alphaEM =  7.451e-03,  alphaS =  4.782e-01    at Q2 =  1.174e+00.

 Impact parameter b =  8.660e-01 gives enhancement factor =  1.012e+00.
 Max pT scale for MPI =  6.240e+01, ISR =  7.006e-01, FSR =  7.006e-01.
 Number of MPI =     1, ISR =     0, FSRproc =     1, FSRreson =     0.

 --------  End PYTHIA Info Listing  ------------------------------------

 --------  PYTHIA Event Listing  (hard process)  -----------------------------------------------------------------------------------
 
    no         id  name            status     mothers   daughters     colours      p_x        p_y        p_z         e          m 
     0         90  (system)           -11     0     0     0     0     0     0      0.000      0.000      0.000     62.400     62.400
     1       2212  (p+)               -12     0     0     3     0     0     0      0.000      0.000     31.186     31.200      0.938
     2       2212  (p+)               -12     0     0     4     0     0     0      0.000      0.000    -31.186     31.200      0.938
     3         21  (g)                -21     1     0     5     6   101   102      0.000      0.000      1.637      1.637      0.000
     4         21  (g)                -21     2     0     5     6   103   101      0.000      0.000     -0.785      0.785      0.000
     5         21  g                   23     3     4     0     0   103   104     -0.088     -0.695     -0.526      0.876      0.000
     6         21  g                   23     3     4     0     0   104   102      0.088      0.695      1.378      1.546      0.000
                                   Charge sum:  0.000           Momentum sum:      0.000      0.000      0.852      2.423      2.268

 --------  End PYTHIA Event Listing  -----------------------------------------------------------------------------------------------

 --------  PYTHIA Event Listing  (complete event)  ---------------------------------------------------------------------------------
 
    no         id  name            status     mothers   daughters     colours      p_x        p_y        p_z         e          m 
     0         90  (system)           -11     0     0     0     0     0     0      0.000      0.000      0.000     62.400     62.400
     1       2212  (p+)               -12     0     0    10     0     0     0      0.000      0.000     31.186     31.200      0.938
     2       2212  (p+)               -12     0     0    11     0     0     0      0.000      0.000    -31.186     31.200      0.938
     3         21  (g)                -21    10    10     5     6   101   102      0.000      0.000      1.637      1.637      0.000
     4         21  (g)                -21    11    11     5     6   103   101      0.000      0.000     -0.785      0.785      0.000
     5         21  (g)                -23     3     4     9     9   103   104     -0.088     -0.695     -0.526      0.876      0.000
     6         21  (g)                -23     3     4     7     8   104   102      0.088      0.695      1.378      1.546      0.000
     7         21  (g)                -51     6     0    13    13   105   102     -0.225     -0.205     -0.090      0.317      0.000
     8         21  (g)                -51     6     0    14    14   104   105      0.285      0.684      1.305      1.501      0.000
     9         21  (g)                -52     5     5    12    12   103   104     -0.061     -0.479     -0.363      0.604      0.000
    10         21  (g)                -61     1     0     3     3   101   102      0.651     -0.843      1.682      1.991      0.000
    11         21  (g)                -61     2     0     4     4   103   101      0.418      0.063     -0.695      0.814      0.000
    12         21  (g)                -62     9     9    22    22   103   104      0.258     -0.487     -0.446      0.709      0.000
    13         21  (g)                -62     7     7    20    20   105   102     -0.085     -0.226     -0.144      0.281      0.000
    14         21  (g)                -62     8     8    21    21   104   105      0.896     -0.067      1.577      1.815      0.000
    15       2101  (ud_0)             -63     1     0    39    39     0   101      0.315      0.389     23.403     23.415      0.579
    16          2  (u)                -63     1     0    19    19   102     0     -0.966      0.454      5.826      5.932      0.330
    17       2203  (uu_1)             -63     2     0    23    23     0   103     -0.399     -0.128    -13.311     13.340      0.771
    18          1  (d)                -63     2     0    38    38   101     0     -0.020      0.065    -16.905     16.908      0.330
    19          2  (u)                -71    16    16    24    37   102     0     -0.966      0.454      5.826      5.932      0.330
    20         21  (g)                -71    13    13    24    37   105   102     -0.085     -0.226     -0.144      0.281      0.000
    21         21  (g)                -71    14    14    24    37   104   105      0.896     -0.067      1.577      1.815      0.000
    22         21  (g)                -71    12    12    24    37   103   104      0.258     -0.487     -0.446      0.709      0.000
    23       2203  (uu_1)             -71    17    17    24    37     0   103     -0.399     -0.128    -13.311     13.340      0.771
    24        221  (eta)              -83    19    23    55    57     0     0     -0.388      0.472      4.064      4.146      0.548
    25        111  (pi0)              -83    19    23    58    59     0     0     -0.046      0.217      0.112      0.283      0.135
    26        321  K+                  83    19    23     0     0     0     0     -0.142     -0.428      1.701      1.828      0.494
    27       -321  K-                  83    19    23     0     0     0     0      0.137     -0.398      0.063      0.652      0.494
    28        211  pi+                 83    19    23     0     0     0     0      0.261      0.054      0.290      0.418      0.140
    29        111  (pi0)              -83    19    23    60    61     0     0     -0.369     -0.144     -0.004      0.419      0.135
    30       -211  pi-                 83    19    23     0     0     0     0      0.576      0.174      0.073      0.622      0.140
    31        211  pi+                 84    19    23     0     0     0     0     -0.270      0.209     -1.631      1.672      0.140
    32        221  (eta)              -84    19    23    62    64     0     0      0.307     -0.350     -1.341      1.522      0.548
    33       -213  (rho-)             -84    19    23    49    50     0     0     -0.389     -0.201     -0.641      1.105      0.787
    34        211  pi+                 84    19    23     0     0     0     0      0.161      0.100     -0.525      0.576      0.140
    35       -211  pi-                 84    19    23     0     0     0     0      0.170     -0.110     -0.326      0.408      0.140
    36       2212  p+                  84    19    23     0     0     0     0     -0.348     -0.091     -5.736      5.823      0.938
    37        211  pi+                 84    19    23     0     0     0     0      0.045      0.043     -2.598      2.603      0.140
    38          1  (d)                -71    18    18    40    48   101     0     -0.020      0.065    -16.905     16.908      0.330
    39       2101  (ud_0)             -71    15    15    40    48     0   101      0.315      0.389     23.403     23.415      0.579
    40       -213  (rho-)             -83    38    39    51    52     0     0      0.205     -0.118     -6.432      6.472      0.678
    41        211  pi+                 83    38    39     0     0     0     0      0.142      0.197     -5.928      5.935      0.140
    42       -211  pi-                 83    38    39     0     0     0     0      0.100      0.135     -3.992      3.998      0.140
    43        211  pi+                 83    38    39     0     0     0     0     -0.386      0.147      0.756      0.873      0.140
    44       -211  pi-                 83    38    39     0     0     0     0      0.077     -0.271      0.029      0.316      0.140
    45        211  pi+                 83    38    39     0     0     0     0     -0.297     -0.104      0.421      0.544      0.140
    46        313  (K*0)              -83    38    39    53    54     0     0      0.077      0.284      0.712      1.194      0.912
    47       -321  K-                  84    38    39     0     0     0     0      0.178     -0.146      6.252      6.276      0.494
    48       2212  p+                  84    38    39     0     0     0     0      0.199      0.330     14.679     14.714      0.938
    49       -211  pi-                 91    33     0     0     0     0     0      0.036     -0.060      0.130      0.203      0.140
    50        111  (pi0)              -91    33     0    65    66     0     0     -0.425     -0.141     -0.771      0.902      0.135
    51       -211  pi-                 91    40     0     0     0     0     0      0.330     -0.112     -5.838      5.850      0.140
    52        111  (pi0)              -91    40     0    67    68     0     0     -0.125     -0.006     -0.595      0.623      0.135
    53        321  K+                  91    46     0     0     0     0     0      0.013      0.013      0.731      0.882      0.494
    54       -211  pi-                 91    46     0     0     0     0     0      0.064      0.271     -0.019      0.312      0.140
    55        211  pi+                 91    24     0     0     0     0     0     -0.040      0.118      0.656      0.682      0.140
    56       -211  pi-                 91    24     0     0     0     0     0     -0.024      0.076      1.223      1.234      0.140
    57        111  (pi0)              -91    24     0    69    70     0     0     -0.324      0.278      2.185      2.231      0.135
    58         22  gamma               91    25     0     0     0     0     0     -0.033      0.003     -0.012      0.035      0.000
    59         22  gamma               91    25     0     0     0     0     0     -0.013      0.214      0.124      0.248      0.000
    60         22  gamma               91    29     0     0     0     0     0      0.005      0.012      0.004      0.014      0.000
    61         22  gamma               91    29     0     0     0     0     0     -0.374     -0.157     -0.007      0.405      0.000
    62        111  (pi0)              -91    32     0    71    72     0     0      0.125     -0.240     -0.513      0.595      0.135
    63        111  (pi0)              -91    32     0    73    74     0     0      0.045      0.049     -0.439      0.464      0.135
    64        111  (pi0)              -91    32     0    75    76     0     0      0.138     -0.158     -0.389      0.462      0.135
    65         22  gamma               91    50     0     0     0     0     0     -0.399     -0.088     -0.671      0.785      0.000
    66         22  gamma               91    50     0     0     0     0     0     -0.026     -0.053     -0.101      0.117      0.000
    67         22  gamma               91    52     0     0     0     0     0     -0.070      0.044     -0.147      0.169      0.000
    68         22  gamma               91    52     0     0     0     0     0     -0.055     -0.049     -0.448      0.454      0.000
    69         22  gamma               91    57     0     0     0     0     0     -0.267      0.281      1.985      2.023      0.000
    70         22  gamma               91    57     0     0     0     0     0     -0.057     -0.003      0.200      0.208      0.000
    71         22  gamma               91    62     0     0     0     0     0      0.141     -0.237     -0.432      0.512      0.000
    72         22  gamma               91    62     0     0     0     0     0     -0.017     -0.003     -0.081      0.083      0.000
    73         22  gamma               91    63     0     0     0     0     0      0.017      0.034     -0.018      0.042      0.000
    74         22  gamma               91    63     0     0     0     0     0      0.028      0.015     -0.421      0.422      0.000
    75         22  gamma               91    64     0     0     0     0     0      0.054     -0.002     -0.030      0.062      0.000
    76         22  gamma               91    64     0     0     0     0     0      0.084     -0.156     -0.359      0.401      0.000
                                   Charge sum:  2.000           Momentum sum:     -0.000      0.000     -0.000     62.400     62.400

 --------  End PYTHIA Event Listing  -----------------------------------------------------------------------------------------------
Rivet.AnalysisHandler: INFO  Using named weights
Rivet.AnalysisHandler: WARN  Analysis 'PHENIX_2011_I886590' is unvalidated: be careful, it may be broken!
 PYTHIA Error in BeamRemnants::setKinematics: kinematics construction failed  

 Pythia::next(): 1000 events have been generated 

 Pythia::next(): 2000 events have been generated 

 Pythia::next(): 3000 events have been generated 

 Pythia::next(): 4000 events have been generated 

 Pythia::next(): 5000 events have been generated 

 Pythia::next(): 6000 events have been generated 

 Pythia::next(): 7000 events have been generated 

 Pythia::next(): 8000 events have been generated 

 Pythia::next(): 9000 events have been generated 

 *-------  PYTHIA Event and Cross Section Statistics  -------------------------------------------------------------*
 |                                                                                                                 |
 | Subprocess                                    Code |            Number of events       |      sigma +- delta    |
 |                                                    |       Tried   Selected   Accepted |     (estimated) (mb)   |
 |                                                    |                                   |                        |
 |-----------------------------------------------------------------------------------------------------------------|
 |                                                    |                                   |                        |
 | non-diffractive                                101 |        5791       5791       5791 |   2.516e+01  1.561e-07 |
 | A B -> A B elastic                             102 |        1692       1692       1692 |   7.462e+00  0.000e+00 |
 | A B -> X B single diffractive                  103 |         920        920        920 |   4.011e+00  2.144e-08 |
 | A B -> A X single diffractive                  104 |         916        916        916 |   4.011e+00  2.148e-08 |
 | A B -> X X double diffractive                  105 |         681        681        681 |   2.974e+00  2.439e-08 |
 |                                                    |                                   |                        |
 | sum                                                |       10000      10000      10000 |   4.362e+01  1.609e-07 |
 |                                                                                                                 |
 *-------  End PYTHIA Event and Cross Section Statistics ----------------------------------------------------------*

 *-------  PYTHIA Error and Warning Messages Statistics  ----------------------------------------------------------* 
 |                                                                                                                 | 
 |  times   message                                                                                                | 
 |                                                                                                                 | 
 |      1   Error in BeamRemnants::setKinematics: kinematics construction failed                                   | 
 |      3   Warning in MultipartonInteractions::init: maximum increased                                            | 
 |                                                                                                                 | 
 *-------  End PYTHIA Error and Warning Messages Statistics  ------------------------------------------------------* 
