
 *------------------------------------------------------------------------------------* 
 |                                                                                    | 
 |  *------------------------------------------------------------------------------*  | 
 |  |                                                                              |  | 
 |  |                                                                              |  | 
 |  |   PPP   Y   Y  TTTTT  H   H  III    A      Welcome to the Lund Monte Carlo!  |  | 
 |  |   P  P   Y Y     T    H   H   I    A A     This is PYTHIA version 8.309      |  | 
 |  |   PPP     Y      T    HHHHH   I   AAAAA    Last date of change: 16 Feb 2023  |  | 
 |  |   P       Y      T    H   H   I   A   A                                      |  | 
 |  |   P       Y      T    H   H  III  A   A    Now is 16 Aug 2023 at 13:17:28    |  | 
 |  |                                                                              |  | 
 |  |   Program documentation and an archive of historic versions is found on:     |  | 
 |  |                                                                              |  | 
 |  |                               https://pythia.org/                            |  | 
 |  |                                                                              |  | 
 |  |   PYTHIA is authored by a collaboration consisting of:                       |  | 
 |  |                                                                              |  | 
 |  |   Christian Bierlich, Nishita Desai, Leif Gellersen, Ilkka Helenius, Philip  |  | 
 |  |   Ilten, Leif Lonnblad, Stephen Mrenna, Stefan Prestel, Christian Preuss,    |  | 
 |  |   Torbjorn Sjostrand, Peter Skands, Marius Utheim and Rob Verheyen.          |  | 
 |  |                                                                              |  | 
 |  |   The complete list of authors, including contact information and            |  | 
 |  |   affiliations, can be found on https://pythia.org/.                         |  | 
 |  |   Problems or bugs should be reported on email at authors@pythia.org.        |  | 
 |  |                                                                              |  | 
 |  |   The main program reference is C. Bierlich et al,                           |  | 
 |  |   'A comprehensive guide to the physics and usage of Pythia 8.3',            |  | 
 |  |   SciPost Phys. Codebases 8-r8.3 (2022) [arXiv:2203.11601 [hep-ph]]          |  | 
 |  |                                                                              |  | 
 |  |   PYTHIA is released under the GNU General Public Licence version 2 or later.|  | 
 |  |   Please respect the MCnet Guidelines for Event Generator Authors and Users. |  | 
 |  |                                                                              |  | 
 |  |   Disclaimer: this program comes without any guarantees.                     |  | 
 |  |   Beware of errors and use common sense when interpreting results.           |  | 
 |  |                                                                              |  | 
 |  |   Copyright (C) 2023 Torbjorn Sjostrand                                      |  | 
 |  |                                                                              |  | 
 |  |                                                                              |  | 
 |  *------------------------------------------------------------------------------*  | 
 |                                                                                    | 
 *------------------------------------------------------------------------------------* 


 *-------  PYTHIA Process Initialization  --------------------------*
 |                                                                  |
 | We collide p+ with p+ at a CM energy of 2.000e+02 GeV            |
 |                                                                  |
 |------------------------------------------------------------------|
 |                                                    |             |
 | Subprocess                                    Code |   Estimated |
 |                                                    |    max (mb) |
 |                                                    |             |
 |------------------------------------------------------------------|
 |                                                    |             |
 | non-diffractive                                101 |   2.898e+01 |
 | A B -> A B elastic                             102 |   1.002e+01 |
 | A B -> X B single diffractive                  103 |   4.644e+00 |
 | A B -> A X single diffractive                  104 |   4.644e+00 |
 | A B -> X X double diffractive                  105 |   4.201e+00 |
 | A B -> A X B central diffractive               106 |   0.000e+00 |
 |                                                                  |
 *-------  End PYTHIA Process Initialization -----------------------*

 *-------  PYTHIA Multiparton Interactions Initialization  ---------* 
 |                                                                  | 
 |                   sigmaNonDiffractive =    28.98 mb              | 
 |                                                                  | 
 |    pT0 =  1.06 gives sigmaInteraction =    84.73 mb: accepted    | 
 |                                                                  | 
 *-------  End PYTHIA Multiparton Interactions Initialization  -----* 

 *-------  PYTHIA Multiparton Interactions Initialization  ---------* 
 |                                                                  | 
 |   diffraction XB for p+ on p+                                    | 
 |                                                                  | 
 |   diffractive mass = 1.00e+01 GeV and sigmaNorm =    10.00 mb    | 
 |    pT0 =  0.56 gives sigmaInteraction =    25.04 mb: accepted    | 
 |   diffractive mass = 1.65e+01 GeV and sigmaNorm =    10.00 mb    | 
 |    pT0 =  0.62 gives sigmaInteraction =    23.98 mb: accepted    | 
 |   diffractive mass = 2.71e+01 GeV and sigmaNorm =    10.00 mb    | 
 |    pT0 =  0.69 gives sigmaInteraction =    22.03 mb: accepted    | 
 |   diffractive mass = 4.47e+01 GeV and sigmaNorm =    10.00 mb    | 
 |    pT0 =  0.77 gives sigmaInteraction =    19.83 mb: accepted    | 
 |   diffractive mass = 7.37e+01 GeV and sigmaNorm =    10.00 mb    | 
 |    pT0 =  0.86 gives sigmaInteraction =    17.99 mb: accepted    | 
 |   diffractive mass = 1.21e+02 GeV and sigmaNorm =    10.00 mb    | 
 |    pT0 =  0.95 gives sigmaInteraction =    16.79 mb: accepted    | 
 |   diffractive mass = 2.00e+02 GeV and sigmaNorm =    10.00 mb    | 
 |    pT0 =  1.06 gives sigmaInteraction =    16.42 mb: accepted    | 
 |                                                                  | 
 *-------  End PYTHIA Multiparton Interactions Initialization  -----* 
 PYTHIA Warning in MultipartonInteractions::init: maximum increased by factor 4.153

 *-------  PYTHIA Multiparton Interactions Initialization  ---------* 
 |                                                                  | 
 |   diffraction AX for p+ on p+                                    | 
 |                                                                  | 
 |   diffractive mass = 1.00e+01 GeV and sigmaNorm =    10.00 mb    | 
 |    pT0 =  0.56 gives sigmaInteraction =    24.86 mb: accepted    | 
 |   diffractive mass = 1.65e+01 GeV and sigmaNorm =    10.00 mb    | 
 |    pT0 =  0.62 gives sigmaInteraction =    24.00 mb: accepted    | 
 |   diffractive mass = 2.71e+01 GeV and sigmaNorm =    10.00 mb    | 
 |    pT0 =  0.69 gives sigmaInteraction =    21.98 mb: accepted    | 
 |   diffractive mass = 4.47e+01 GeV and sigmaNorm =    10.00 mb    | 
 |    pT0 =  0.77 gives sigmaInteraction =    19.89 mb: accepted    | 
 |   diffractive mass = 7.37e+01 GeV and sigmaNorm =    10.00 mb    | 
 |    pT0 =  0.86 gives sigmaInteraction =    17.71 mb: accepted    | 
 |   diffractive mass = 1.21e+02 GeV and sigmaNorm =    10.00 mb    | 
 |    pT0 =  0.95 gives sigmaInteraction =    16.72 mb: accepted    | 
 |   diffractive mass = 2.00e+02 GeV and sigmaNorm =    10.00 mb    | 
 |    pT0 =  1.06 gives sigmaInteraction =    16.64 mb: accepted    | 
 |                                                                  | 
 *-------  End PYTHIA Multiparton Interactions Initialization  -----* 

 *-------  PYTHIA Multiparton Interactions Initialization  ---------* 
 |                                                                  | 
 |   diffraction AXB for p+ on p+                                   | 
 |                                                                  | 
 |   diffractive mass = 1.00e+01 GeV and sigmaNorm =    10.00 mb    | 
 |    pT0 =  0.56 gives sigmaInteraction =     5.93 mb: rejected    | 
 |    pT0 =  0.50 gives sigmaInteraction =     8.79 mb: rejected    | 
 |    pT0 =  0.45 gives sigmaInteraction =    13.08 mb: accepted    | 
 |   diffractive mass = 1.65e+01 GeV and sigmaNorm =    10.00 mb    | 
 |    pT0 =  0.62 gives sigmaInteraction =     4.72 mb: rejected    | 
 |    pT0 =  0.56 gives sigmaInteraction =     6.94 mb: rejected    | 
 |    pT0 =  0.50 gives sigmaInteraction =    10.23 mb: rejected    | 
 |    pT0 =  0.45 gives sigmaInteraction =    14.95 mb: accepted    | 
 |   diffractive mass = 2.71e+01 GeV and sigmaNorm =    10.00 mb    | 
 |    pT0 =  0.69 gives sigmaInteraction =     3.79 mb: rejected    | 
 |    pT0 =  0.62 gives sigmaInteraction =     5.38 mb: rejected    | 
 |    pT0 =  0.56 gives sigmaInteraction =     7.71 mb: rejected    | 
 |    pT0 =  0.50 gives sigmaInteraction =    11.19 mb: accepted    | 
 |   diffractive mass = 4.47e+01 GeV and sigmaNorm =    10.00 mb    | 
 |    pT0 =  0.77 gives sigmaInteraction =     3.06 mb: rejected    | 
 |    pT0 =  0.69 gives sigmaInteraction =     4.24 mb: rejected    | 
 |    pT0 =  0.62 gives sigmaInteraction =     5.93 mb: rejected    | 
 |    pT0 =  0.56 gives sigmaInteraction =     8.31 mb: rejected    | 
 |    pT0 =  0.50 gives sigmaInteraction =    11.88 mb: accepted    | 
 |   diffractive mass = 7.37e+01 GeV and sigmaNorm =    10.00 mb    | 
 |    pT0 =  0.86 gives sigmaInteraction =     2.66 mb: rejected    | 
 |    pT0 =  0.77 gives sigmaInteraction =     3.55 mb: rejected    | 
 |    pT0 =  0.69 gives sigmaInteraction =     4.77 mb: rejected    | 
 |    pT0 =  0.62 gives sigmaInteraction =     6.53 mb: rejected    | 
 |    pT0 =  0.56 gives sigmaInteraction =     8.99 mb: rejected    | 
 |    pT0 =  0.51 gives sigmaInteraction =    12.59 mb: accepted    | 
 |   diffractive mass = 1.21e+02 GeV and sigmaNorm =    10.00 mb    | 
 |    pT0 =  0.95 gives sigmaInteraction =     2.51 mb: rejected    | 
 |    pT0 =  0.86 gives sigmaInteraction =     3.19 mb: rejected    | 
 |    pT0 =  0.77 gives sigmaInteraction =     4.11 mb: rejected    | 
 |    pT0 =  0.70 gives sigmaInteraction =     5.40 mb: rejected    | 
 |    pT0 =  0.63 gives sigmaInteraction =     7.22 mb: rejected    | 
 |    pT0 =  0.56 gives sigmaInteraction =     9.75 mb: rejected    | 
 |    pT0 =  0.51 gives sigmaInteraction =    13.31 mb: accepted    | 
 |   diffractive mass = 2.00e+02 GeV and sigmaNorm =    10.00 mb    | 
 |    pT0 =  1.06 gives sigmaInteraction =     2.57 mb: rejected    | 
 |    pT0 =  0.96 gives sigmaInteraction =     3.16 mb: rejected    | 
 |    pT0 =  0.86 gives sigmaInteraction =     3.92 mb: rejected    | 
 |    pT0 =  0.77 gives sigmaInteraction =     4.91 mb: rejected    | 
 |    pT0 =  0.70 gives sigmaInteraction =     6.24 mb: rejected    | 
 |    pT0 =  0.63 gives sigmaInteraction =     8.10 mb: rejected    | 
 |    pT0 =  0.56 gives sigmaInteraction =    10.68 mb: rejected    | 
 |    pT0 =  0.51 gives sigmaInteraction =    14.29 mb: accepted    | 
 |                                                                  | 
 *-------  End PYTHIA Multiparton Interactions Initialization  -----* 

 *-------  PYTHIA Flag + Mode + Parm + Word + FVec + MVec + PVec + WVec Settings (changes only)  ------------------* 
 |                                                                                                                 | 
 | Name                                          |                      Now |      Default         Min         Max | 
 |                                               |                          |                                      | 
 | Beams:eCM                                     |                200.00000 |    14000.000         0.0             | 
 | Main:analyses                                 |      PHENIX_2011_I886590 |                                      | 
 | Main:numberOfEvents                           |                    10000 |         1000           0             | 
 | Main:outputLog                                |                       on |          off                         | 
 | Main:runRivet                                 |                       on |          off                         | 
 | Main:writeHepMC                               |                       on |          off                         | 
 | ParticleDecays:limitTau0                      |                       on |          off                         | 
 | PartonLevel:MPI                               |                      off |           on                         | 
 | Random:seed                                   |                   766938 |           -1               900000000 | 
 | Random:setSeed                                |                       on |          off                         | 
 | SigmaTotal:mode                               |                        2 |            1           0           4 | 
 | SoftQCD:all                                   |                       on |          off                         | 
 | Stat:showPartonLevel                          |                       on |          off                         | 
 |                                                                                                                 | 
 *-------  End PYTHIA Flag + Mode + Parm + Word + FVec + MVec + PVec + WVec Settings  -----------------------------* 

 --------  PYTHIA Particle Data Table (changed only)  ------------------------------------------------------------------------------
 
      id   name            antiName         spn chg col      m0        mWidth      mMin       mMax       tau0    res dec ext vis wid
             no onMode   bRatio   meMode     products 

 no particle data has been changed from its default value 

 --------  End PYTHIA Particle Data Table  -----------------------------------------------------------------------------------------


 --------  PYTHIA Info Listing  ---------------------------------------- 
 
 Beam A: id =   2212, pz =  1.000e+02, e =  1.000e+02, m =  9.383e-01.
 Beam B: id =   2212, pz = -1.000e+02, e =  1.000e+02, m =  9.383e-01.

 In 1: id =   -2, x =  1.453e-03, pdf =  3.950e-01 at Q2 =  2.834e-01.
 In 2: id =   21, x =  2.629e-02, pdf =  1.518e+00 at same Q2.

 Process non-diffractive with code 101 is 2 -> 2.
 Subprocess q g -> q g with code 113 is 2 -> 2.
 It has sHat =  1.528e+00,    tHat = -3.758e-01,    uHat = -1.152e+00,
       pTHat =  5.323e-01,   m3Hat =  0.000e+00,   m4Hat =  0.000e+00,
    thetaHat =  1.038e+00,  phiHat =  5.222e+00.
     alphaEM =  7.458e-03,  alphaS =  4.499e-01    at Q2 =  1.410e+00.

 Impact parameter b =  1.959e+00 gives enhancement factor =  1.699e-02.
 Max pT scale for MPI =  2.000e+02, ISR =  5.323e-01, FSR =  5.323e-01.
 Number of MPI =     1, ISR =     0, FSRproc =     0, FSRreson =     0.

 --------  End PYTHIA Info Listing  ------------------------------------

 --------  PYTHIA Event Listing  (hard process)  -----------------------------------------------------------------------------------
 
    no         id  name            status     mothers   daughters     colours      p_x        p_y        p_z         e          m 
     0         90  (system)           -11     0     0     0     0     0     0      0.000      0.000      0.000    200.000    200.000
     1       2212  (p+)               -12     0     0     3     0     0     0      0.000      0.000     99.996    100.000      0.938
     2       2212  (p+)               -12     0     0     4     0     0     0      0.000      0.000    -99.996    100.000      0.938
     3         -2  (ubar)             -21     1     0     5     6     0   101      0.000      0.000      0.145      0.145      0.000
     4         21  (g)                -21     2     0     5     6   103   102      0.000      0.000     -2.629      2.629      0.000
     5         -2  ubar                23     3     4     0     0     0   102     -0.432      0.241     -0.676      0.900      0.330
     6         21  g                   23     3     4     0     0   103   101      0.432     -0.241     -1.808      1.874      0.000
                                   Charge sum: -0.667           Momentum sum:      0.000      0.000     -2.483      2.774      1.236

 --------  End PYTHIA Event Listing  -----------------------------------------------------------------------------------------------

 --------  PYTHIA Event Listing  (complete event)  ---------------------------------------------------------------------------------
 
    no         id  name            status     mothers   daughters     colours      p_x        p_y        p_z         e          m 
     0         90  (system)           -11     0     0     0     0     0     0      0.000      0.000      0.000    200.000    200.000
     1       2212  (p+)               -12     0     0     7     0     0     0      0.000      0.000     99.996    100.000      0.938
     2       2212  (p+)               -12     0     0     8     0     0     0      0.000      0.000    -99.996    100.000      0.938
     3         -2  (ubar)             -21     7     7     5     6     0   101      0.000      0.000      0.145      0.145      0.000
     4         21  (g)                -21     8     8     5     6   103   102      0.000      0.000     -2.629      2.629      0.000
     5         -2  (ubar)             -23     3     4     9     9     0   102     -0.432      0.241     -0.676      0.900      0.330
     6         21  (g)                -23     3     4    10    10   103   101      0.432     -0.241     -1.808      1.874      0.000
     7         -2  (ubar)             -61     1     0     3     3     0   101     -0.281      0.332     -0.219      0.487      0.000
     8         21  (g)                -61     2     0     4     4   103   102      0.092     -0.331     -2.294      2.319      0.000
     9         -2  (ubar)             -62     5     5    21    21     0   102     -0.590      0.310     -1.547      1.716      0.330
    10         21  (g)                -62     6     6    25    25   103   101      0.401     -0.308     -0.965      1.090      0.000
    11          2  (u)                -63     1     0    24    24   101     0     -0.606     -0.118     13.552     13.570      0.330
    12       2101  (ud_0)             -63     1     0    17    17     0   105      0.516      0.151     63.700     63.705      0.579
    13          2  (u)                -63     1     0    16    16   105     0      0.370     -0.365     22.579     22.588      0.330
    14          2  (u)                -63     2     0    20    20   102     0     -0.045      0.146     -9.550      9.557      0.330
    15       2103  (ud_1)             -63     2     0    26    26     0   103     -0.047      0.185    -87.770     87.774      0.771
    16          2  (u)                -71    13    13    18    19   105     0      0.370     -0.365     22.579     22.588      0.330
    17       2101  (ud_0)             -71    12    12    18    19     0   105      0.516      0.151     63.700     63.705      0.579
    18        211  pi+                 82    16    17     0     0     0     0      0.104      0.036     24.788     24.789      0.140
    19       2112  n0                  82    16    17     0     0     0     0      0.783     -0.250     61.492     61.504      0.940
    20          2  (u)                -71    14    14    22    23   102     0     -0.045      0.146     -9.550      9.557      0.330
    21         -2  (ubar)             -71     9     9    22    23     0   102     -0.590      0.310     -1.547      1.716      0.330
    22        111  (pi0)              -83    20    21    49    50     0     0     -0.195     -0.055     -9.820      9.823      0.135
    23        111  (pi0)              -84    20    21    51    52     0     0     -0.440      0.511     -1.277      1.450      0.135
    24          2  (u)                -71    11    11    27    40   101     0     -0.606     -0.118     13.552     13.570      0.330
    25         21  (g)                -71    10    10    27    40   103   101      0.401     -0.308     -0.965      1.090      0.000
    26       2103  (ud_1)             -71    15    15    27    40     0   103     -0.047      0.185    -87.770     87.774      0.771
    27        211  pi+                 83    24    26     0     0     0     0     -0.514      0.192      5.760      5.788      0.140
    28        113  (rho0)             -83    24    26    41    42     0     0      0.061     -0.740      4.542      4.662      0.743
    29        113  (rho0)             -83    24    26    43    44     0     0     -0.307      0.471      2.240      2.443      0.797
    30       -211  pi-                 83    24    26     0     0     0     0      0.270     -0.090      0.272      0.418      0.140
    31        321  K+                  83    24    26     0     0     0     0      0.003     -0.280     -1.122      1.257      0.494
    32       -321  K-                  83    24    26     0     0     0     0     -0.224      0.308     -0.232      0.665      0.494
    33        111  (pi0)              -84    24    26    53    54     0     0      0.068     -0.180     -2.318      2.330      0.135
    34        211  pi+                 84    24    26     0     0     0     0      0.510      0.563     -2.725      2.832      0.140
    35       -211  pi-                 84    24    26     0     0     0     0     -0.425     -0.600     -1.895      2.037      0.140
    36        111  (pi0)              -84    24    26    55    56     0     0     -0.090      0.213     -0.891      0.931      0.135
    37        213  (rho+)             -84    24    26    45    46     0     0      0.148     -0.314     -1.886      2.031      0.668
    38        221  (eta)              -84    24    26    57    59     0     0      0.290      0.208     -2.525      2.608      0.548
    39       1114  (Delta-)           -84    24    26    47    48     0     0     -0.439     -0.241    -36.579     36.605      1.286
    40        211  pi+                 84    24    26     0     0     0     0      0.397      0.248    -37.824     37.827      0.140
    41        211  pi+                 91    28     0     0     0     0     0     -0.025     -0.844      3.778      3.874      0.140
    42       -211  pi-                 91    28     0     0     0     0     0      0.086      0.104      0.764      0.788      0.140
    43        211  pi+                 91    29     0     0     0     0     0      0.220      0.307      0.843      0.934      0.140
    44       -211  pi-                 91    29     0     0     0     0     0     -0.528      0.164      1.397      1.508      0.140
    45        211  pi+                 91    37     0     0     0     0     0      0.266     -0.378     -0.852      0.979      0.140
    46        111  (pi0)              -91    37     0    60    61     0     0     -0.118      0.064     -1.034      1.051      0.135
    47       2112  n0                  91    39     0     0     0     0     0     -0.059     -0.114    -23.348     23.367      0.940
    48       -211  pi-                 91    39     0     0     0     0     0     -0.379     -0.127    -13.231     13.238      0.140
    49         22  gamma               91    22     0     0     0     0     0     -0.207     -0.022     -8.738      8.741      0.000
    50         22  gamma               91    22     0     0     0     0     0      0.012     -0.032     -1.081      1.082      0.000
    51         22  gamma               91    23     0     0     0     0     0     -0.070      0.020     -0.145      0.162      0.000
    52         22  gamma               91    23     0     0     0     0     0     -0.371      0.491     -1.132      1.288      0.000
    53         22  gamma               91    33     0     0     0     0     0      0.047     -0.143     -2.183      2.189      0.000
    54         22  gamma               91    33     0     0     0     0     0      0.021     -0.038     -0.135      0.142      0.000
    55         22  gamma               91    36     0     0     0     0     0     -0.076      0.042     -0.424      0.433      0.000
    56         22  gamma               91    36     0     0     0     0     0     -0.013      0.171     -0.467      0.497      0.000
    57        211  pi+                 91    38     0     0     0     0     0      0.179      0.182     -1.744      1.768      0.140
    58       -211  pi-                 91    38     0     0     0     0     0      0.121      0.081     -0.749      0.775      0.140
    59         22  gamma               91    38     0     0     0     0     0     -0.011     -0.055     -0.032      0.064      0.000
    60         22  gamma               91    46     0     0     0     0     0     -0.119      0.025     -0.960      0.967      0.000
    61         22  gamma               91    46     0     0     0     0     0      0.001      0.039     -0.075      0.084      0.000
                                   Charge sum:  2.000           Momentum sum:      0.000     -0.000      0.000    200.000    200.000

 --------  End PYTHIA Event Listing  -----------------------------------------------------------------------------------------------
Rivet.AnalysisHandler: INFO  Using named weights
Rivet.AnalysisHandler: WARN  Analysis 'PHENIX_2011_I886590' is unvalidated: be careful, it may be broken!

 Pythia::next(): 1000 events have been generated 

 Pythia::next(): 2000 events have been generated 

 Pythia::next(): 3000 events have been generated 

 Pythia::next(): 4000 events have been generated 
 PYTHIA Error in BeamRemnants::setKinematics: kinematics construction failed  

 Pythia::next(): 5000 events have been generated 

 Pythia::next(): 6000 events have been generated 
 PYTHIA Warning in SimpleSpaceShower::pT2nextQCD: weight above unity  

 Pythia::next(): 7000 events have been generated 

 Pythia::next(): 8000 events have been generated 

 Pythia::next(): 9000 events have been generated 

 *-------  PYTHIA Event and Cross Section Statistics  -------------------------------------------------------------*
 |                                                                                                                 |
 | Subprocess                                    Code |            Number of events       |      sigma +- delta    |
 |                                                    |       Tried   Selected   Accepted |     (estimated) (mb)   |
 |                                                    |                                   |                        |
 |-----------------------------------------------------------------------------------------------------------------|
 |                                                    |                                   |                        |
 | non-diffractive                                101 |        5499       5499       5499 |   2.898e+01  1.839e-07 |
 | A B -> A B elastic                             102 |        1905       1905       1905 |   1.002e+01  5.551e-08 |
 | A B -> X B single diffractive                  103 |         880        880        880 |   4.644e+00  3.100e-08 |
 | A B -> A X single diffractive                  104 |         927        927        927 |   4.644e+00  3.235e-08 |
 | A B -> X X double diffractive                  105 |         789        789        789 |   4.201e+00  0.000e+00 |
 |                                                    |                                   |                        |
 | sum                                                |       10000      10000      10000 |   5.249e+01  1.973e-07 |
 |                                                                                                                 |
 *-------  End PYTHIA Event and Cross Section Statistics ----------------------------------------------------------*

 *-------  PYTHIA Error and Warning Messages Statistics  ----------------------------------------------------------* 
 |                                                                                                                 | 
 |  times   message                                                                                                | 
 |                                                                                                                 | 
 |      3   Error in BeamRemnants::setKinematics: kinematics construction failed                                   | 
 |      3   Warning in MultipartonInteractions::init: maximum increased                                            | 
 |      1   Warning in SimpleSpaceShower::pT2nextQCD: weight above unity                                           | 
 |                                                                                                                 | 
 *-------  End PYTHIA Error and Warning Messages Statistics  ------------------------------------------------------* 
